# JRE version: OpenJDK Runtime Environment Temurin-21.0.10+7 (21.0.10+7) (build 21.0.10+7-LTS)
# Java VM: OpenJDK 64-Bit Server VM Temurin-21.0.10+7 (21.0.10+7-LTS, mixed mode, sharing, tiered, compressed oops, compressed class ptrs, parallel gc, windows-amd64)
GC Precious Log:
 CardTable entry size: 512
 CPUs: 12 total, 12 available
 Memory: 7895M
 Large Page Support: Disabled
 NUMA Support: Disabled
 Compressed Oops: Enabled (32-bit)
 Alignments: Space 512K, Generation 512K, Heap 2M
 Heap Min Capacity: 100M
 Heap Initial Capacity: 100M
 Heap Max Capacity: 2G
 Pre-touch: Disabled
 Parallel Workers: 10
Heap:
 PSYoungGen      total 19968K, used 1793K [0x00000000d5580000, 0x00000000d6f80000, 0x0000000100000000)
  eden space 18944K, 4% used [0x00000000d5580000,0x00000000d565fcb8,0x00000000d6800000)
  from space 1024K, 87% used [0x00000000d6e00000,0x00000000d6ee0818,0x00000000d6f00000)
  to   space 512K, 0% used [0x00000000d6f00000,0x00000000d6f00000,0x00000000d6f80000)
 ParOldGen       total 68608K, used 40920K [0x0000000080000000, 0x0000000084300000, 0x00000000d5580000)
  object space 68608K, 59% used [0x0000000080000000,0x00000000827f60c0,0x0000000084300000)
 Metaspace       used 60326K, committed 61632K, reserved 1114112K
  class space    used 7181K, committed 7744K, reserved 1048576K
GC Heap History (20 events):
Event: 33.230 GC heap before
{Heap before GC invocations=26 (full 2):
 PSYoungGen      total 20480K, used 20096K [0x00000000d5580000, 0x00000000d6e00000, 0x0000000100000000)
  eden space 18944K, 100% used [0x00000000d5580000,0x00000000d6800000,0x00000000d6800000)
  from space 1536K, 75% used [0x00000000d6800000,0x00000000d6920000,0x00000000d6980000)
  to   space 2560K, 0% used [0x00000000d6b80000,0x00000000d6b80000,0x00000000d6e00000)
 ParOldGen       total 68608K, used 27484K [0x0000000080000000, 0x0000000084300000, 0x00000000d5580000)
  object space 68608K, 40% used [0x0000000080000000,0x0000000081ad72b8,0x0000000084300000)
 Metaspace       used 51840K, committed 52992K, reserved 1114112K
  class space    used 5770K, committed 6272K, reserved 1048576K
}
Event: 33.232 GC heap after
{Heap after GC invocations=26 (full 2):
 PSYoungGen      total 19456K, used 448K [0x00000000d5580000, 0x00000000d6c00000, 0x0000000100000000)
  eden space 18944K, 0% used [0x00000000d5580000,0x00000000d5580000,0x00000000d6800000)
  from space 512K, 87% used [0x00000000d6b80000,0x00000000d6bf0000,0x00000000d6c00000)
  to   space 1024K, 0% used [0x00000000d6a00000,0x00000000d6a00000,0x00000000d6b00000)
 ParOldGen       total 68608K, used 28475K [0x0000000080000000, 0x0000000084300000, 0x00000000d5580000)
  object space 68608K, 41% used [0x0000000080000000,0x0000000081bcef98,0x0000000084300000)
 Metaspace       used 51840K, committed 52992K, reserved 1114112K
  class space    used 5770K, committed 6272K, reserved 1048576K
}
Event: 59.804 GC heap before
{Heap before GC invocations=27 (full 2):
 PSYoungGen      total 19456K, used 19392K [0x00000000d5580000, 0x00000000d6c00000, 0x0000000100000000)
  eden space 18944K, 100% used [0x00000000d5580000,0x00000000d6800000,0x00000000d6800000)
  from space 512K, 87% used [0x00000000d6b80000,0x00000000d6bf0000,0x00000000d6c00000)
  to   space 1024K, 0% used [0x00000000d6a00000,0x00000000d6a00000,0x00000000d6b00000)
 ParOldGen       total 68608K, used 28475K [0x0000000080000000, 0x0000000084300000, 0x00000000d5580000)
  object space 68608K, 41% used [0x0000000080000000,0x0000000081bcef98,0x0000000084300000)
 Metaspace       used 52608K, committed 53760K, reserved 1114112K
  class space    used 5893K, committed 6400K, reserved 1048576K
}
Event: 59.809 GC heap after
{Heap after GC invocations=27 (full 2):
 PSYoungGen      total 19968K, used 1014K [0x00000000d5580000, 0x00000000d7c00000, 0x0000000100000000)
  eden space 18944K, 0% used [0x00000000d5580000,0x00000000d5580000,0x00000000d6800000)
  from space 1024K, 99% used [0x00000000d6a00000,0x00000000d6afd968,0x00000000d6b00000)
  to   space 10240K, 0% used [0x00000000d7200000,0x00000000d7200000,0x00000000d7c00000)
 ParOldGen       total 68608K, used 36132K [0x0000000080000000, 0x0000000084300000, 0x00000000d5580000)
  object space 68608K, 52% used [0x0000000080000000,0x0000000082349218,0x0000000084300000)
 Metaspace       used 52608K, committed 53760K, reserved 1114112K
  class space    used 5893K, committed 6400K, reserved 1048576K
}
Event: 60.285 GC heap before
{Heap before GC invocations=28 (full 2):
 PSYoungGen      total 19968K, used 19958K [0x00000000d5580000, 0x00000000d7c00000, 0x0000000100000000)
  eden space 18944K, 100% used [0x00000000d5580000,0x00000000d6800000,0x00000000d6800000)
  from space 1024K, 99% used [0x00000000d6a00000,0x00000000d6afd968,0x00000000d6b00000)
  to   space 10240K, 0% used [0x00000000d7200000,0x00000000d7200000,0x00000000d7c00000)
 ParOldGen       total 68608K, used 36132K [0x0000000080000000, 0x0000000084300000, 0x00000000d5580000)
  object space 68608K, 52% used [0x0000000080000000,0x0000000082349218,0x0000000084300000)
 Metaspace       used 54247K, committed 55424K, reserved 1114112K
  class space    used 6192K, committed 6720K, reserved 1048576K
}
Event: 60.288 GC heap after
{Heap after GC invocations=28 (full 2):
 PSYoungGen      total 19968K, used 864K [0x00000000d5580000, 0x00000000d7300000, 0x0000000100000000)
  eden space 18944K, 0% used [0x00000000d5580000,0x00000000d5580000,0x00000000d6800000)
  from space 1024K, 84% used [0x00000000d7200000,0x00000000d72d8000,0x00000000d7300000)
  to   space 4096K, 0% used [0x00000000d6b00000,0x00000000d6b00000,0x00000000d6f00000)
 ParOldGen       total 68608K, used 37150K [0x0000000080000000, 0x0000000084300000, 0x00000000d5580000)
  object space 68608K, 54% used [0x0000000080000000,0x0000000082447840,0x0000000084300000)
 Metaspace       used 54247K, committed 55424K, reserved 1114112K
  class space    used 6192K, committed 6720K, reserved 1048576K
}
Event: 60.562 GC heap before
{Heap before GC invocations=29 (full 2):
 PSYoungGen      total 19968K, used 19808K [0x00000000d5580000, 0x00000000d7300000, 0x0000000100000000)
  eden space 18944K, 100% used [0x00000000d5580000,0x00000000d6800000,0x00000000d6800000)
  from space 1024K, 84% used [0x00000000d7200000,0x00000000d72d8000,0x00000000d7300000)
  to   space 4096K, 0% used [0x00000000d6b00000,0x00000000d6b00000,0x00000000d6f00000)
 ParOldGen       total 68608K, used 37150K [0x0000000080000000, 0x0000000084300000, 0x00000000d5580000)
  object space 68608K, 54% used [0x0000000080000000,0x0000000082447840,0x0000000084300000)
 Metaspace       used 54847K, committed 56000K, reserved 1114112K
  class space    used 6274K, committed 6784K, reserved 1048576K
}
Event: 60.565 GC heap after
{Heap after GC invocations=29 (full 2):
 PSYoungGen      total 23040K, used 576K [0x00000000d5580000, 0x00000000d7280000, 0x0000000100000000)
  eden space 18944K, 0% used [0x00000000d5580000,0x00000000d5580000,0x00000000d6800000)
  from space 4096K, 14% used [0x00000000d6b00000,0x00000000d6b90000,0x00000000d6f00000)
  to   space 1536K, 0% used [0x00000000d7100000,0x00000000d7100000,0x00000000d7280000)
 ParOldGen       total 68608K, used 37854K [0x0000000080000000, 0x0000000084300000, 0x00000000d5580000)
  object space 68608K, 55% used [0x0000000080000000,0x00000000824f7850,0x0000000084300000)
 Metaspace       used 54847K, committed 56000K, reserved 1114112K
  class space    used 6274K, committed 6784K, reserved 1048576K
}
Event: 64.484 GC heap before
{Heap before GC invocations=30 (full 2):
 PSYoungGen      total 23040K, used 19520K [0x00000000d5580000, 0x00000000d7280000, 0x0000000100000000)
  eden space 18944K, 100% used [0x00000000d5580000,0x00000000d6800000,0x00000000d6800000)
  from space 4096K, 14% used [0x00000000d6b00000,0x00000000d6b90000,0x00000000d6f00000)
  to   space 1536K, 0% used [0x00000000d7100000,0x00000000d7100000,0x00000000d7280000)
 ParOldGen       total 68608K, used 37854K [0x0000000080000000, 0x0000000084300000, 0x00000000d5580000)
  object space 68608K, 55% used [0x0000000080000000,0x00000000824f7850,0x0000000084300000)
 Metaspace       used 54873K, committed 56064K, reserved 1114112K
  class space    used 6274K, committed 6784K, reserved 1048576K
}
Event: 64.486 GC heap after
{Heap after GC invocations=30 (full 2):
 PSYoungGen      total 19968K, used 640K [0x00000000d5580000, 0x00000000d7200000, 0x0000000100000000)
  eden space 18944K, 0% used [0x00000000d5580000,0x00000000d5580000,0x00000000d6800000)
  from space 1024K, 62% used [0x00000000d7100000,0x00000000d71a0000,0x00000000d7200000)
  to   space 1024K, 0% used [0x00000000d7000000,0x00000000d7000000,0x00000000d7100000)
 ParOldGen       total 68608K, used 38253K [0x0000000080000000, 0x0000000084300000, 0x00000000d5580000)
  object space 68608K, 55% used [0x0000000080000000,0x000000008255b508,0x0000000084300000)
 Metaspace       used 54873K, committed 56064K, reserved 1114112K
  class space    used 6274K, committed 6784K, reserved 1048576K
}
Event: 75.800 GC heap before
{Heap before GC invocations=31 (full 2):
 PSYoungGen      total 19968K, used 19584K [0x00000000d5580000, 0x00000000d7200000, 0x0000000100000000)
  eden space 18944K, 100% used [0x00000000d5580000,0x00000000d6800000,0x00000000d6800000)
  from space 1024K, 62% used [0x00000000d7100000,0x00000000d71a0000,0x00000000d7200000)
  to   space 1024K, 0% used [0x00000000d7000000,0x00000000d7000000,0x00000000d7100000)
 ParOldGen       total 68608K, used 38253K [0x0000000080000000, 0x0000000084300000, 0x00000000d5580000)
  object space 68608K, 55% used [0x0000000080000000,0x000000008255b508,0x0000000084300000)
 Metaspace       used 54875K, committed 56064K, reserved 1114112K
  class space    used 6274K, committed 6784K, reserved 1048576K
}
Event: 75.802 GC heap after
{Heap after GC invocations=31 (full 2):
 PSYoungGen      total 19968K, used 672K [0x00000000d5580000, 0x00000000d7180000, 0x0000000100000000)
  eden space 18944K, 0% used [0x00000000d5580000,0x00000000d5580000,0x00000000d6800000)
  from space 1024K, 65% used [0x00000000d7000000,0x00000000d70a8000,0x00000000d7100000)
  to   space 512K, 0% used [0x00000000d7100000,0x00000000d7100000,0x00000000d7180000)
 ParOldGen       total 68608K, used 38709K [0x0000000080000000, 0x0000000084300000, 0x00000000d5580000)
  object space 68608K, 56% used [0x0000000080000000,0x00000000825cd508,0x0000000084300000)
 Metaspace       used 54875K, committed 56064K, reserved 1114112K
  class space    used 6274K, committed 6784K, reserved 1048576K
}
Event: 83.064 GC heap before
{Heap before GC invocations=32 (full 2):
 PSYoungGen      total 19968K, used 19616K [0x00000000d5580000, 0x00000000d7180000, 0x0000000100000000)
  eden space 18944K, 100% used [0x00000000d5580000,0x00000000d6800000,0x00000000d6800000)
  from space 1024K, 65% used [0x00000000d7000000,0x00000000d70a8000,0x00000000d7100000)
  to   space 512K, 0% used [0x00000000d7100000,0x00000000d7100000,0x00000000d7180000)
 ParOldGen       total 68608K, used 38709K [0x0000000080000000, 0x0000000084300000, 0x00000000d5580000)
  object space 68608K, 56% used [0x0000000080000000,0x00000000825cd508,0x0000000084300000)
 Metaspace       used 55067K, committed 56256K, reserved 1114112K
  class space    used 6316K, committed 6848K, reserved 1048576K
}
Event: 83.068 GC heap after
{Heap after GC invocations=32 (full 2):
 PSYoungGen      total 19456K, used 498K [0x00000000d5580000, 0x00000000d7300000, 0x0000000100000000)
  eden space 18944K, 0% used [0x00000000d5580000,0x00000000d5580000,0x00000000d6800000)
  from space 512K, 97% used [0x00000000d7100000,0x00000000d717c800,0x00000000d7180000)
  to   space 5632K, 0% used [0x00000000d6800000,0x00000000d6800000,0x00000000d6d80000)
 ParOldGen       total 68608K, used 42708K [0x0000000080000000, 0x0000000084300000, 0x00000000d5580000)
  object space 68608K, 62% used [0x0000000080000000,0x00000000829b51e0,0x0000000084300000)
 Metaspace       used 55067K, committed 56256K, reserved 1114112K
  class space    used 6316K, committed 6848K, reserved 1048576K
}
Event: 83.664 GC heap before
{Heap before GC invocations=33 (full 2):
 PSYoungGen      total 19456K, used 19442K [0x00000000d5580000, 0x00000000d7300000, 0x0000000100000000)
  eden space 18944K, 100% used [0x00000000d5580000,0x00000000d6800000,0x00000000d6800000)
  from space 512K, 97% used [0x00000000d7100000,0x00000000d717c800,0x00000000d7180000)
  to   space 5632K, 0% used [0x00000000d6800000,0x00000000d6800000,0x00000000d6d80000)
 ParOldGen       total 68608K, used 42708K [0x0000000080000000, 0x0000000084300000, 0x00000000d5580000)
  object space 68608K, 62% used [0x0000000080000000,0x00000000829b51e0,0x0000000084300000)
 Metaspace       used 56868K, committed 58112K, reserved 1114112K
  class space    used 6626K, committed 7168K, reserved 1048576K
}
Event: 83.668 GC heap after
{Heap after GC invocations=33 (full 2):
 PSYoungGen      total 24576K, used 928K [0x00000000d5580000, 0x00000000d7180000, 0x0000000100000000)
  eden space 18944K, 0% used [0x00000000d5580000,0x00000000d5580000,0x00000000d6800000)
  from space 5632K, 16% used [0x00000000d6800000,0x00000000d68e8020,0x00000000d6d80000)
  to   space 2560K, 0% used [0x00000000d6f00000,0x00000000d6f00000,0x00000000d7180000)
 ParOldGen       total 68608K, used 43231K [0x0000000080000000, 0x0000000084300000, 0x00000000d5580000)
  object space 68608K, 63% used [0x0000000080000000,0x0000000082a37e10,0x0000000084300000)
 Metaspace       used 56868K, committed 58112K, reserved 1114112K
  class space    used 6626K, committed 7168K, reserved 1048576K
}
Event: 83.983 GC heap before
{Heap before GC invocations=34 (full 2):
 PSYoungGen      total 24576K, used 17542K [0x00000000d5580000, 0x00000000d7180000, 0x0000000100000000)
  eden space 18944K, 87% used [0x00000000d5580000,0x00000000d65b9980,0x00000000d6800000)
  from space 5632K, 16% used [0x00000000d6800000,0x00000000d68e8020,0x00000000d6d80000)
  to   space 2560K, 0% used [0x00000000d6f00000,0x00000000d6f00000,0x00000000d7180000)
 ParOldGen       total 68608K, used 43231K [0x0000000080000000, 0x0000000084300000, 0x00000000d5580000)
  object space 68608K, 63% used [0x0000000080000000,0x0000000082a37e10,0x0000000084300000)
 Metaspace       used 58576K, committed 59776K, reserved 1114112K
  class space    used 6933K, committed 7488K, reserved 1048576K
}
Event: 83.986 GC heap after
{Heap after GC invocations=34 (full 2):
 PSYoungGen      total 19968K, used 656K [0x00000000d5580000, 0x00000000d7000000, 0x0000000100000000)
  eden space 18944K, 0% used [0x00000000d5580000,0x00000000d5580000,0x00000000d6800000)
  from space 1024K, 64% used [0x00000000d6f00000,0x00000000d6fa4010,0x00000000d7000000)
  to   space 1024K, 0% used [0x00000000d6e00000,0x00000000d6e00000,0x00000000d6f00000)
 ParOldGen       total 68608K, used 44023K [0x0000000080000000, 0x0000000084300000, 0x00000000d5580000)
  object space 68608K, 64% used [0x0000000080000000,0x0000000082afde30,0x0000000084300000)
 Metaspace       used 58576K, committed 59776K, reserved 1114112K
  class space    used 6933K, committed 7488K, reserved 1048576K
}
Event: 83.986 GC heap before
{Heap before GC invocations=35 (full 3):
 PSYoungGen      total 19968K, used 656K [0x00000000d5580000, 0x00000000d7000000, 0x0000000100000000)
  eden space 18944K, 0% used [0x00000000d5580000,0x00000000d5580000,0x00000000d6800000)
  from space 1024K, 64% used [0x00000000d6f00000,0x00000000d6fa4010,0x00000000d7000000)
  to   space 1024K, 0% used [0x00000000d6e00000,0x00000000d6e00000,0x00000000d6f00000)
 ParOldGen       total 68608K, used 44023K [0x0000000080000000, 0x0000000084300000, 0x00000000d5580000)
  object space 68608K, 64% used [0x0000000080000000,0x0000000082afde30,0x0000000084300000)
 Metaspace       used 58576K, committed 59776K, reserved 1114112K
  class space    used 6933K, committed 7488K, reserved 1048576K
}
Event: 84.080 GC heap after
{Heap after GC invocations=35 (full 3):
 PSYoungGen      total 19968K, used 0K [0x00000000d5580000, 0x00000000d7000000, 0x0000000100000000)
  eden space 18944K, 0% used [0x00000000d5580000,0x00000000d5580000,0x00000000d6800000)
  from space 1024K, 0% used [0x00000000d6f00000,0x00000000d6f00000,0x00000000d7000000)
  to   space 1024K, 0% used [0x00000000d6e00000,0x00000000d6e00000,0x00000000d6f00000)
 ParOldGen       total 68608K, used 40912K [0x0000000080000000, 0x0000000084300000, 0x00000000d5580000)
  object space 68608K, 59% used [0x0000000080000000,0x00000000827f40c0,0x0000000084300000)
 Metaspace       used 58576K, committed 59776K, reserved 1114112K
  class space    used 6933K, committed 7488K, reserved 1048576K
}

